{
  "RSpec": {
    "coverage": {
      "/home/ubuntu/workspace/lib/tasks/cucumber.rake": [
        null,
        null,
        null,
        null,
        null,
        null,
        null,
        2,
        null,
        1,
        1,
        null,
        1,
        1,
        null,
        1,
        1,
        1,
        1,
        1,
        null,
        null,
        1,
        1,
        1,
        1,
        null,
        null,
        1,
        1,
        1,
        1,
        null,
        null,
        1,
        1,
        null,
        1,
        0,
        0,
        0,
        null,
        null,
        1,
        1,
        null,
        1,
        null,
        1,
        0,
        null,
        null,
        null,
        1,
        null,
        null,
        1,
        null,
        0,
        0,
        0,
        null,
        null,
        null,
        null
      ]
    },
    "timestamp": 1426321486
  },
  "Cucumber Features": {
    "coverage": {
      "/home/ubuntu/workspace/app/models/user.rb": [
        1,
        null,
        null,
        1,
        null,
        1,
        null,
        1,
        1,
        null,
        1,
        1,
        1,
        null,
        null,
        null,
        null,
        null,
        null,
        1,
        null,
        null,
        1,
        null,
        null,
        null,
        1,
        null,
        1,
        null,
        1,
        0,
        0,
        0,
        0,
        0,
        null,
        null,
        null,
        null,
        1,
        20,
        null,
        null,
        null,
        1,
        22,
        null,
        null,
        null,
        null,
        null,
        1,
        0,
        null,
        null,
        null,
        1,
        0,
        null,
        null,
        null,
        1,
        0,
        null,
        null,
        null,
        null,
        null,
        null,
        1,
        42,
        null,
        null,
        null
      ],
      "/home/ubuntu/workspace/app/controllers/articles_controller.rb": [
        1,
        1,
        1,
        1,
        1,
        null,
        1,
        77,
        42,
        null,
        null,
        35,
        null,
        77,
        null,
        null,
        1,
        23,
        null,
        null,
        1,
        1,
        1,
        null,
        null,
        1,
        2,
        1,
        1,
        null,
        null,
        null,
        1,
        null,
        1,
        null,
        null,
        1,
        1,
        1,
        null,
        null,
        1,
        null,
        0,
        0,
        null,
        null,
        null,
        null,
        1,
        1,
        1,
        1,
        null,
        null,
        1,
        2,
        1,
        1,
        null,
        1,
        null,
        null,
        2,
        null,
        null,
        1,
        1,
        28,
        null,
        null,
        1,
        2,
        null,
        null,
        null,
        1,
        2,
        null,
        null
      ],
      "/home/ubuntu/workspace/app/controllers/application_controller.rb": [
        1,
        null,
        null,
        1,
        null,
        1,
        null,
        null,
        null,
        1,
        60,
        null,
        60,
        23,
        23,
        null,
        null,
        null,
        null
      ],
      "/home/ubuntu/workspace/app/helpers/application_helper.rb": [
        1,
        null
      ],
      "/home/ubuntu/workspace/app/helpers/articles_helper.rb": [
        1,
        null
      ],
      "/home/ubuntu/workspace/app/helpers/comments_helper.rb": [
        1,
        null
      ],
      "/home/ubuntu/workspace/app/helpers/likes_helper.rb": [
        1,
        null
      ],
      "/home/ubuntu/workspace/app/helpers/subscriptions_helper.rb": [
        1,
        null
      ],
      "/home/ubuntu/workspace/app/models/article.rb": [
        1,
        1,
        null,
        1,
        1,
        1,
        null,
        1,
        1,
        1,
        null,
        null,
        null,
        null,
        1,
        1,
        1,
        1,
        null,
        1,
        null,
        1,
        1,
        1,
        1,
        null,
        null
      ],
      "/home/ubuntu/workspace/app/models/subscription.rb": [
        1,
        null,
        1,
        1,
        null,
        1,
        1,
        null,
        null
      ],
      "/home/ubuntu/workspace/app/models/like.rb": [
        1,
        null,
        1,
        1,
        null,
        null
      ],
      "/home/ubuntu/workspace/app/models/comment.rb": [
        1,
        null,
        1,
        1,
        1,
        null,
        1,
        1,
        null,
        1,
        4,
        null,
        null,
        null
      ],
      "/home/ubuntu/workspace/app/controllers/comments_controller.rb": [
        1,
        1,
        1,
        1,
        1,
        null,
        1,
        0,
        null,
        null,
        1,
        0,
        null,
        null,
        1,
        0,
        0,
        null,
        null,
        1,
        null,
        null,
        1,
        2,
        2,
        null,
        2,
        1,
        null,
        1,
        null,
        2,
        null,
        null,
        1,
        0,
        0,
        null,
        null,
        1,
        1,
        1,
        1,
        null,
        1,
        null,
        null,
        1,
        null,
        1,
        4,
        null,
        null,
        null,
        null,
        null,
        1,
        1,
        null,
        null,
        1,
        2,
        null,
        null
      ],
      "/home/ubuntu/workspace/app/controllers/likes_controller.rb": [
        1,
        1,
        1,
        1,
        null,
        1,
        null,
        1,
        2,
        2,
        2,
        2,
        null,
        null,
        1,
        1,
        1,
        null,
        null,
        1,
        1,
        4,
        null,
        null,
        1,
        1,
        null,
        null,
        1,
        0,
        null,
        null,
        null
      ]
    },
    "timestamp": 1426322202
  }
}
