{
  "RSpec": {
    "coverage": {
      "/home/ubuntu/workspace/lib/tasks/cucumber.rake": [
        null,
        null,
        null,
        null,
        null,
        null,
        null,
        2,
        null,
        1,
        1,
        null,
        1,
        1,
        null,
        1,
        1,
        1,
        1,
        1,
        null,
        null,
        1,
        1,
        1,
        1,
        null,
        null,
        1,
        1,
        1,
        1,
        null,
        null,
        1,
        1,
        null,
        1,
        0,
        0,
        0,
        null,
        null,
        1,
        1,
        null,
        1,
        null,
        1,
        0,
        null,
        null,
        null,
        1,
        null,
        null,
        1,
        null,
        0,
        0,
        0,
        null,
        null,
        null,
        null
      ],
      "/home/ubuntu/workspace/app/models/user.rb": [
        1,
        null,
        null,
        1,
        null,
        1,
        null,
        1,
        1,
        null,
        1,
        1,
        1,
        null,
        null,
        null,
        null,
        null,
        null,
        null,
        null,
        1,
        null,
        null,
        1,
        null,
        null,
        1,
        null,
        null,
        1,
        1,
        null,
        null,
        1,
        1,
        null,
        null,
        1,
        null,
        null,
        null,
        null,
        1,
        null,
        1,
        null,
        1,
        0,
        0,
        0,
        0,
        0,
        null,
        null,
        null,
        null,
        1,
        0,
        null,
        null,
        null,
        1,
        0,
        null,
        null,
        null,
        null,
        null,
        1,
        0,
        null,
        null,
        null,
        1,
        0,
        null,
        null,
        null,
        1,
        0,
        null,
        null,
        null,
        1,
        0,
        null,
        null,
        null,
        null,
        null,
        null,
        null,
        1,
        0,
        null,
        null,
        1,
        0,
        null,
        null,
        null
      ]
    },
    "timestamp": 1428029485
  },
  "Cucumber Features": {
    "coverage": {
      "/home/ubuntu/workspace/app/models/user.rb": [
        1,
        null,
        null,
        1,
        null,
        1,
        null,
        1,
        1,
        null,
        1,
        1,
        1,
        null,
        null,
        null,
        null,
        null,
        null,
        null,
        null,
        1,
        null,
        null,
        1,
        null,
        null,
        1,
        null,
        null,
        1,
        1,
        null,
        null,
        1,
        1,
        null,
        null,
        1,
        null,
        null,
        null,
        null,
        1,
        null,
        1,
        null,
        1,
        0,
        0,
        0,
        0,
        0,
        null,
        null,
        null,
        null,
        1,
        7,
        null,
        null,
        null,
        1,
        7,
        null,
        null,
        null,
        null,
        null,
        1,
        0,
        null,
        null,
        null,
        1,
        0,
        null,
        null,
        null,
        1,
        0,
        null,
        null,
        null,
        1,
        0,
        null,
        null,
        null,
        null,
        null,
        null,
        null,
        1,
        25,
        null,
        null,
        1,
        1,
        null,
        null,
        null
      ],
      "/home/ubuntu/workspace/app/controllers/articles_controller.rb": [
        1,
        1,
        1,
        1,
        1,
        null,
        1,
        47,
        25,
        null,
        null,
        22,
        null,
        47,
        47,
        null,
        null,
        1,
        7,
        null,
        null,
        1,
        3,
        3,
        null,
        null,
        1,
        2,
        1,
        1,
        null,
        null,
        null,
        1,
        null,
        2,
        null,
        null,
        2,
        2,
        1,
        null,
        null,
        1,
        null,
        1,
        1,
        null,
        null,
        null,
        null,
        1,
        1,
        1,
        1,
        null,
        null,
        1,
        2,
        1,
        1,
        null,
        1,
        null,
        null,
        2,
        null,
        null,
        1,
        1,
        12,
        null,
        null,
        1,
        3,
        null,
        null,
        null,
        1,
        2,
        null,
        null
      ],
      "/home/ubuntu/workspace/app/controllers/application_controller.rb": [
        1,
        null,
        null,
        1,
        null,
        1,
        null,
        null,
        null,
        1,
        36,
        null,
        36,
        14,
        14,
        null,
        null,
        null,
        null
      ],
      "/home/ubuntu/workspace/app/helpers/application_helper.rb": [
        1,
        null
      ],
      "/home/ubuntu/workspace/app/helpers/articles_helper.rb": [
        1,
        null
      ],
      "/home/ubuntu/workspace/app/helpers/comments_helper.rb": [
        1,
        null
      ],
      "/home/ubuntu/workspace/app/helpers/groups_helper.rb": [
        1,
        null
      ],
      "/home/ubuntu/workspace/app/helpers/likes_helper.rb": [
        1,
        null
      ],
      "/home/ubuntu/workspace/app/helpers/subscriptions_helper.rb": [
        1,
        null
      ],
      "/home/ubuntu/workspace/app/models/article.rb": [
        1,
        1,
        null,
        1,
        1,
        1,
        null,
        1,
        1,
        1,
        null,
        null,
        null,
        null,
        1,
        2,
        2,
        2,
        null,
        2,
        null,
        2,
        2,
        2,
        2,
        null,
        null
      ],
      "/home/ubuntu/workspace/app/models/subscription.rb": [
        1,
        null,
        1,
        1,
        null,
        1,
        1,
        null,
        null
      ],
      "/home/ubuntu/workspace/app/models/like.rb": [
        1,
        null,
        1,
        1,
        null,
        null
      ],
      "/home/ubuntu/workspace/app/models/comment.rb": [
        1,
        null,
        1,
        1,
        1,
        null,
        1,
        1,
        null,
        1,
        0,
        null,
        null,
        null
      ]
    },
    "timestamp": 1428029950
  }
}
